Number of substitution tests performed: 36624
Number of indel tests performed: 0
	Command being timed: "lofreq call -f hg38_formatted_nochr_.fasta -l chris_hg38_reformatted.bed -o vcf.gz /projects/bgmp/shared/groups/2022/79K/salish/kespinoz/proj_salish_cfdna/Quality_Filter/Trimmed_Q25/BWA_25/original/test_Q25.sorted.bam"
	User time (seconds): 10561.30
	System time (seconds): 51.45
	Percent of CPU this job got: 99%
	Elapsed (wall clock) time (h:mm:ss or m:ss): 2:56:54
	Average shared text size (kbytes): 0
	Average unshared data size (kbytes): 0
	Average stack size (kbytes): 0
	Average total size (kbytes): 0
	Maximum resident set size (kbytes): 2622140
	Average resident set size (kbytes): 0
	Major (requiring I/O) page faults: 0
	Minor (reclaiming a frame) page faults: 62718082
	Voluntary context switches: 621
	Involuntary context switches: 8925
	Swaps: 0
	File system inputs: 0
	File system outputs: 72
	Socket messages sent: 0
	Socket messages received: 0
	Signals delivered: 0
	Page size (bytes): 4096
	Exit status: 0
