Number of substitution tests performed: 36591
Number of indel tests performed: 0
	Command being timed: "lofreq call -f hg38_formatted_nochr_.fasta -l chris_hg38_reformatted.bed -o vcf.gz /projects/bgmp/shared/groups/2022/79K/salish/kespinoz/proj_salish_cfdna/Quality_Filter/Trimmed_Q25/BWA_25/merged/sorted.merged_Q25.bam"
	User time (seconds): 4216.55
	System time (seconds): 33.29
	Percent of CPU this job got: 99%
	Elapsed (wall clock) time (h:mm:ss or m:ss): 1:11:01
	Average shared text size (kbytes): 0
	Average unshared data size (kbytes): 0
	Average stack size (kbytes): 0
	Average total size (kbytes): 0
	Maximum resident set size (kbytes): 2560540
	Average resident set size (kbytes): 0
	Major (requiring I/O) page faults: 0
	Minor (reclaiming a frame) page faults: 31066156
	Voluntary context switches: 196
	Involuntary context switches: 3709
	Swaps: 0
	File system inputs: 0
	File system outputs: 128
	Socket messages sent: 0
	Socket messages received: 0
	Signals delivered: 0
	Page size (bytes): 4096
	Exit status: 0
