Number of substitution tests performed: 57
Number of indel tests performed: 0
	Command being timed: "lofreq call -f hg38_formatted_nochr_.fasta -l chris_hg38_reformatted.bed -o vcf.gz /projects/bgmp/shared/groups/2022/79K/salish/kespinoz/proj_salish_cfdna/Deduping/sorted.deduped_Q25.bam"
	User time (seconds): 18.14
	System time (seconds): 2.37
	Percent of CPU this job got: 87%
	Elapsed (wall clock) time (h:mm:ss or m:ss): 0:23.58
	Average shared text size (kbytes): 0
	Average unshared data size (kbytes): 0
	Average stack size (kbytes): 0
	Average total size (kbytes): 0
	Maximum resident set size (kbytes): 2173488
	Average resident set size (kbytes): 0
	Major (requiring I/O) page faults: 0
	Minor (reclaiming a frame) page faults: 400662
	Voluntary context switches: 266
	Involuntary context switches: 139
	Swaps: 0
	File system inputs: 0
	File system outputs: 8
	Socket messages sent: 0
	Socket messages received: 0
	Signals delivered: 0
	Page size (bytes): 4096
	Exit status: 0
